<?xml version="1.0" encoding="UTF-8"?>
<testsuite name="com.example.firstproject.repository.CommentRepositoryTest" tests="1" skipped="0" failures="0" errors="0" timestamp="2024-11-18T07:28:16" hostname="DESKTOP-M24GGRC" time="1.237">
  <properties/>
  <testcase name="특정 닉네임의 모든 댓글 조회" classname="com.example.firstproject.repository.CommentRepositoryTest" time="1.237"/>
  <system-out><![CDATA[16:28:09.585 [Test worker] INFO org.springframework.test.context.support.AnnotationConfigContextLoaderUtils -- Could not detect default configuration classes for test class [com.example.firstproject.repository.CommentRepositoryTest]: CommentRepositoryTest does not declare any static, non-private, non-final, nested classes annotated with @Configuration.
16:28:09.780 [Test worker] INFO org.springframework.boot.test.context.SpringBootTestContextBootstrapper -- Found @SpringBootConfiguration com.example.firstproject.FirstprojectApplication for test class com.example.firstproject.repository.CommentRepositoryTest

  .   ____          _            __ _ _
 /\\ / ___'_ __ _ _(_)_ __  __ _ \ \ \ \
( ( )\___ | '_ | '_| | '_ \/ _` | \ \ \ \
 \\/  ___)| |_)| | | | | || (_| |  ) ) ) )
  '  |____| .__|_| |_|_| |_\__, | / / / /
 =========|_|==============|___/=/_/_/_/
 :: Spring Boot ::                (v3.1.0)

2024-11-18T16:28:10.488+09:00  INFO 31628 --- [    Test worker] c.e.f.repository.CommentRepositoryTest   : Starting CommentRepositoryTest using Java 17.0.13 with PID 31628 (started by dlgks in D:\development\SpringBoot\firstproject)
2024-11-18T16:28:10.490+09:00  INFO 31628 --- [    Test worker] c.e.f.repository.CommentRepositoryTest   : No active profile set, falling back to 1 default profile: "default"
2024-11-18T16:28:11.130+09:00  INFO 31628 --- [    Test worker] .s.d.r.c.RepositoryConfigurationDelegate : Bootstrapping Spring Data JPA repositories in DEFAULT mode.
2024-11-18T16:28:11.230+09:00  INFO 31628 --- [    Test worker] .s.d.r.c.RepositoryConfigurationDelegate : Finished Spring Data repository scanning in 86 ms. Found 4 JPA repository interfaces.
2024-11-18T16:28:11.340+09:00  INFO 31628 --- [    Test worker] beddedDataSourceBeanFactoryPostProcessor : Replacing 'dataSource' DataSource bean with embedded version
2024-11-18T16:28:11.627+09:00  INFO 31628 --- [    Test worker] o.s.j.d.e.EmbeddedDatabaseFactory        : Starting embedded database: url='jdbc:h2:mem:de43523f-fdde-4955-9eb8-ecb873e942d2;DB_CLOSE_DELAY=-1;DB_CLOSE_ON_EXIT=false', username='sa'
2024-11-18T16:28:12.142+09:00  INFO 31628 --- [    Test worker] o.hibernate.jpa.internal.util.LogHelper  : HHH000204: Processing PersistenceUnitInfo [name: default]
2024-11-18T16:28:12.238+09:00  INFO 31628 --- [    Test worker] org.hibernate.Version                    : HHH000412: Hibernate ORM core version 6.2.2.Final
2024-11-18T16:28:12.242+09:00  INFO 31628 --- [    Test worker] org.hibernate.cfg.Environment            : HHH000406: Using bytecode reflection optimizer
2024-11-18T16:28:13.559+09:00  INFO 31628 --- [    Test worker] o.h.b.i.BytecodeProviderInitiator        : HHH000021: Bytecode provider name : bytebuddy
2024-11-18T16:28:13.802+09:00  INFO 31628 --- [    Test worker] o.s.o.j.p.SpringPersistenceUnitInfo      : No LoadTimeWeaver setup: ignoring JPA class transformer
2024-11-18T16:28:13.888+09:00  INFO 31628 --- [    Test worker] org.hibernate.orm.dialect                : HHH035001: Using dialect: org.hibernate.dialect.H2Dialect, version: 2.1.214
2024-11-18T16:28:14.282+09:00  INFO 31628 --- [    Test worker] o.h.b.i.BytecodeProviderInitiator        : HHH000021: Bytecode provider name : bytebuddy
2024-11-18T16:28:15.101+09:00  INFO 31628 --- [    Test worker] o.h.e.t.j.p.i.JtaPlatformInitiator       : HHH000490: Using JtaPlatform implementation: [org.hibernate.engine.transaction.jta.platform.internal.NoJtaPlatform]
2024-11-18T16:28:15.146+09:00 DEBUG 31628 --- [    Test worker] org.hibernate.SQL                        : 
    drop table if exists article cascade 
Hibernate: 
    drop table if exists article cascade 
2024-11-18T16:28:15.149+09:00 DEBUG 31628 --- [    Test worker] org.hibernate.SQL                        : 
    drop table if exists coffee cascade 
Hibernate: 
    drop table if exists coffee cascade 
2024-11-18T16:28:15.150+09:00 DEBUG 31628 --- [    Test worker] org.hibernate.SQL                        : 
    drop table if exists comment cascade 
Hibernate: 
    drop table if exists comment cascade 
2024-11-18T16:28:15.150+09:00 DEBUG 31628 --- [    Test worker] org.hibernate.SQL                        : 
    drop table if exists member cascade 
Hibernate: 
    drop table if exists member cascade 
2024-11-18T16:28:15.152+09:00 DEBUG 31628 --- [    Test worker] org.hibernate.SQL                        : 
    drop sequence if exists member_seq
Hibernate: 
    drop sequence if exists member_seq
2024-11-18T16:28:15.163+09:00 DEBUG 31628 --- [    Test worker] org.hibernate.SQL                        : 
    create sequence member_seq start with 1 increment by 50
Hibernate: 
    create sequence member_seq start with 1 increment by 50
2024-11-18T16:28:15.169+09:00 DEBUG 31628 --- [    Test worker] org.hibernate.SQL                        : 
    create table article (
        id bigint generated by default as identity,
        content varchar(255),
        title varchar(255),
        primary key (id)
    )
Hibernate: 
    create table article (
        id bigint generated by default as identity,
        content varchar(255),
        title varchar(255),
        primary key (id)
    )
2024-11-18T16:28:15.188+09:00 DEBUG 31628 --- [    Test worker] org.hibernate.SQL                        : 
    create table coffee (
        id bigint generated by default as identity,
        name varchar(255),
        price varchar(255),
        primary key (id)
    )
Hibernate: 
    create table coffee (
        id bigint generated by default as identity,
        name varchar(255),
        price varchar(255),
        primary key (id)
    )
2024-11-18T16:28:15.195+09:00 DEBUG 31628 --- [    Test worker] org.hibernate.SQL                        : 
    create table comment (
        article_id bigint,
        id bigint generated by default as identity,
        body varchar(255),
        nickname varchar(255),
        primary key (id)
    )
Hibernate: 
    create table comment (
        article_id bigint,
        id bigint generated by default as identity,
        body varchar(255),
        nickname varchar(255),
        primary key (id)
    )
2024-11-18T16:28:15.202+09:00 DEBUG 31628 --- [    Test worker] org.hibernate.SQL                        : 
    create table member (
        id bigint not null,
        email varchar(255),
        password varchar(255),
        primary key (id)
    )
Hibernate: 
    create table member (
        id bigint not null,
        email varchar(255),
        password varchar(255),
        primary key (id)
    )
2024-11-18T16:28:15.205+09:00 DEBUG 31628 --- [    Test worker] org.hibernate.SQL                        : 
    alter table if exists comment 
       add constraint FK5yx0uphgjc6ik6hb82kkw501y 
       foreign key (article_id) 
       references article
Hibernate: 
    alter table if exists comment 
       add constraint FK5yx0uphgjc6ik6hb82kkw501y 
       foreign key (article_id) 
       references article
2024-11-18T16:28:15.220+09:00  INFO 31628 --- [    Test worker] o.h.t.s.i.e.GenerationTargetToDatabase   : HHH000476: Executing script '[injected ScriptSourceInputNonExistentImpl script]'
2024-11-18T16:28:15.225+09:00  INFO 31628 --- [    Test worker] j.LocalContainerEntityManagerFactoryBean : Initialized JPA EntityManagerFactory for persistence unit 'default'
2024-11-18T16:28:15.794+09:00  INFO 31628 --- [    Test worker] o.s.d.j.r.query.QueryEnhancerFactory     : Hibernate is in classpath; If applicable, HQL parser will be used.
2024-11-18T16:28:16.230+09:00  INFO 31628 --- [    Test worker] c.e.f.repository.CommentRepositoryTest   : Started CommentRepositoryTest in 6.277 seconds (process running for 8.608)
2024-11-18T16:28:17.328+09:00 DEBUG 31628 --- [    Test worker] org.hibernate.SQL                        : 
    SELECT
        * 
    FROM
        comment 
    WHERE
        nickname = ?                      
Hibernate: 
    SELECT
        * 
    FROM
        comment 
    WHERE
        nickname = ?                      
2024-11-18T16:28:17.406+09:00 DEBUG 31628 --- [    Test worker] org.hibernate.SQL                        : 
    select
        a1_0.id,
        a1_0.content,
        a1_0.title 
    from
        article a1_0 
    where
        a1_0.id=?
Hibernate: 
    select
        a1_0.id,
        a1_0.content,
        a1_0.title 
    from
        article a1_0 
    where
        a1_0.id=?
2024-11-18T16:28:17.435+09:00 DEBUG 31628 --- [    Test worker] org.hibernate.SQL                        : 
    select
        a1_0.id,
        a1_0.content,
        a1_0.title 
    from
        article a1_0 
    where
        a1_0.id=?
Hibernate: 
    select
        a1_0.id,
        a1_0.content,
        a1_0.title 
    from
        article a1_0 
    where
        a1_0.id=?
2024-11-18T16:28:17.438+09:00 DEBUG 31628 --- [    Test worker] org.hibernate.SQL                        : 
    select
        a1_0.id,
        a1_0.content,
        a1_0.title 
    from
        article a1_0 
    where
        a1_0.id=?
Hibernate: 
    select
        a1_0.id,
        a1_0.content,
        a1_0.title 
    from
        article a1_0 
    where
        a1_0.id=?
]]></system-out>
  <system-err><![CDATA[]]></system-err>
</testsuite>
